{"contracts/RemandERC20.sol":{"l":{"158":2,"159":0,"162":2,"163":0,"166":2,"167":0,"170":2,"179":2,"180":0,"184":2,"191":2,"197":2,"199":2,"200":2,"203":2,"219":0,"221":0,"222":0,"225":0,"226":0,"230":0,"236":0,"241":0,"243":0,"256":0,"258":0,"259":0,"263":0,"270":0,"277":0,"290":1,"291":1,"292":0,"295":1,"296":0,"300":1,"303":1,"309":1,"314":1,"328":0,"331":0,"332":0,"336":0,"337":0,"341":0,"346":0,"348":0},"path":"/home/throw/work/newboots/favor-contracts/contracts/RemandERC20.sol","s":{"1":2,"2":2,"3":2,"4":2,"5":2,"6":2,"7":2,"8":2,"9":0,"10":0,"11":0,"12":0,"13":0,"14":0,"15":0,"16":0,"17":0,"18":0,"19":0,"20":1,"21":1,"22":1,"23":1,"24":1,"25":1,"26":0,"27":0,"28":0,"29":0,"30":0},"b":{"1":[2,0],"2":[0,2],"3":[0,2],"4":[0,2],"5":[0,2],"6":[0,0],"7":[0,0],"8":[0,0],"9":[0,0],"10":[0,0],"11":[1,0],"12":[0,1],"13":[0,1],"14":[0,0],"15":[0,0],"16":[0,0]},"f":{"1":3,"2":2,"3":0,"4":0,"5":1,"6":0},"fnMap":{"1":{"name":"constructor","line":146,"loc":{"start":{"line":146,"column":1},"end":{"line":148,"column":1}}},"2":{"name":"create","line":157,"loc":{"start":{"line":155,"column":1},"end":{"line":209,"column":1}}},"3":{"name":"rescind","line":218,"loc":{"start":{"line":216,"column":1},"end":{"line":246,"column":1}}},"4":{"name":"repay","line":255,"loc":{"start":{"line":253,"column":1},"end":{"line":280,"column":1}}},"5":{"name":"accept","line":289,"loc":{"start":{"line":287,"column":1},"end":{"line":318,"column":1}}},"6":{"name":"remand","line":327,"loc":{"start":{"line":325,"column":1},"end":{"line":352,"column":1}}}},"statementMap":{"1":{"start":{"line":158,"column":2},"end":{"line":158,"column":2901}},"2":{"start":{"line":162,"column":2},"end":{"line":162,"column":2969}},"3":{"start":{"line":166,"column":2},"end":{"line":166,"column":3037}},"4":{"start":{"line":170,"column":2},"end":{"line":170,"column":3120}},"5":{"start":{"line":179,"column":2},"end":{"line":179,"column":3264}},"6":{"start":{"line":184,"column":2},"end":{"line":184,"column":3368}},"7":{"start":{"line":191,"column":2},"end":{"line":191,"column":3498}},"8":{"start":{"line":203,"column":2},"end":{"line":203,"column":3667}},"9":{"start":{"line":219,"column":2},"end":{"line":219,"column":35}},"10":{"start":{"line":221,"column":2},"end":{"line":221,"column":3919}},"11":{"start":{"line":225,"column":2},"end":{"line":225,"column":3984}},"12":{"start":{"line":230,"column":2},"end":{"line":230,"column":4097}},"13":{"start":{"line":236,"column":2},"end":{"line":236,"column":4217}},"14":{"start":{"line":243,"column":2},"end":{"line":243,"column":4316}},"15":{"start":{"line":256,"column":2},"end":{"line":256,"column":35}},"16":{"start":{"line":258,"column":2},"end":{"line":258,"column":4507}},"17":{"start":{"line":263,"column":2},"end":{"line":263,"column":4620}},"18":{"start":{"line":270,"column":2},"end":{"line":270,"column":4761}},"19":{"start":{"line":277,"column":2},"end":{"line":277,"column":4876}},"20":{"start":{"line":290,"column":2},"end":{"line":290,"column":35}},"21":{"start":{"line":291,"column":2},"end":{"line":291,"column":5079}},"22":{"start":{"line":295,"column":2},"end":{"line":295,"column":5179}},"23":{"start":{"line":303,"column":2},"end":{"line":303,"column":5374}},"24":{"start":{"line":309,"column":2},"end":{"line":309,"column":5514}},"25":{"start":{"line":314,"column":2},"end":{"line":314,"column":5589}},"26":{"start":{"line":328,"column":2},"end":{"line":328,"column":35}},"27":{"start":{"line":331,"column":2},"end":{"line":331,"column":5825}},"28":{"start":{"line":336,"column":2},"end":{"line":336,"column":5921}},"29":{"start":{"line":341,"column":2},"end":{"line":341,"column":6048}},"30":{"start":{"line":348,"column":2},"end":{"line":348,"column":6161}}},"branchMap":{"1":{"line":157,"type":"if","locations":[{"start":{"line":157,"column":12},"end":{"line":157,"column":12}},{"start":{"line":157,"column":12},"end":{"line":157,"column":12}}]},"2":{"line":158,"type":"if","locations":[{"start":{"line":158,"column":2},"end":{"line":158,"column":2}},{"start":{"line":158,"column":2},"end":{"line":158,"column":2}}]},"3":{"line":162,"type":"if","locations":[{"start":{"line":162,"column":2},"end":{"line":162,"column":2}},{"start":{"line":162,"column":2},"end":{"line":162,"column":2}}]},"4":{"line":166,"type":"if","locations":[{"start":{"line":166,"column":2},"end":{"line":166,"column":2}},{"start":{"line":166,"column":2},"end":{"line":166,"column":2}}]},"5":{"line":179,"type":"if","locations":[{"start":{"line":179,"column":2},"end":{"line":179,"column":2}},{"start":{"line":179,"column":2},"end":{"line":179,"column":2}}]},"6":{"line":218,"type":"if","locations":[{"start":{"line":218,"column":12},"end":{"line":218,"column":12}},{"start":{"line":218,"column":12},"end":{"line":218,"column":12}}]},"7":{"line":221,"type":"if","locations":[{"start":{"line":221,"column":2},"end":{"line":221,"column":2}},{"start":{"line":221,"column":2},"end":{"line":221,"column":2}}]},"8":{"line":225,"type":"if","locations":[{"start":{"line":225,"column":2},"end":{"line":225,"column":2}},{"start":{"line":225,"column":2},"end":{"line":225,"column":2}}]},"9":{"line":255,"type":"if","locations":[{"start":{"line":255,"column":12},"end":{"line":255,"column":12}},{"start":{"line":255,"column":12},"end":{"line":255,"column":12}}]},"10":{"line":258,"type":"if","locations":[{"start":{"line":258,"column":2},"end":{"line":258,"column":2}},{"start":{"line":258,"column":2},"end":{"line":258,"column":2}}]},"11":{"line":289,"type":"if","locations":[{"start":{"line":289,"column":12},"end":{"line":289,"column":12}},{"start":{"line":289,"column":12},"end":{"line":289,"column":12}}]},"12":{"line":291,"type":"if","locations":[{"start":{"line":291,"column":2},"end":{"line":291,"column":2}},{"start":{"line":291,"column":2},"end":{"line":291,"column":2}}]},"13":{"line":295,"type":"if","locations":[{"start":{"line":295,"column":2},"end":{"line":295,"column":2}},{"start":{"line":295,"column":2},"end":{"line":295,"column":2}}]},"14":{"line":327,"type":"if","locations":[{"start":{"line":327,"column":12},"end":{"line":327,"column":12}},{"start":{"line":327,"column":12},"end":{"line":327,"column":12}}]},"15":{"line":331,"type":"if","locations":[{"start":{"line":331,"column":2},"end":{"line":331,"column":2}},{"start":{"line":331,"column":2},"end":{"line":331,"column":2}}]},"16":{"line":336,"type":"if","locations":[{"start":{"line":336,"column":2},"end":{"line":336,"column":2}},{"start":{"line":336,"column":2},"end":{"line":336,"column":2}}]}}},"contracts/RemandERC721.sol":{"l":{"155":0,"168":0,"170":0,"171":0,"174":0,"190":0,"191":0,"192":0,"195":0,"196":0,"199":0,"204":0,"218":0,"231":0,"232":0,"233":0,"236":0,"237":0,"245":0,"259":0,"262":0,"263":0,"267":0,"268":0,"276":0},"path":"/home/throw/work/newboots/favor-contracts/contracts/RemandERC721.sol","s":{"1":0,"2":0,"3":0,"4":0,"5":0,"6":0,"7":0,"8":0,"9":0,"10":0,"11":0,"12":0,"13":0,"14":0,"15":0},"b":{"1":[0,0],"2":[0,0],"3":[0,0],"4":[0,0],"5":[0,0],"6":[0,0],"7":[0,0],"8":[0,0],"9":[0,0],"10":[0,0],"11":[0,0]},"f":{"1":0,"2":0,"3":0,"4":0,"5":0,"6":0},"fnMap":{"1":{"name":"constructor","line":137,"loc":{"start":{"line":137,"column":1},"end":{"line":139,"column":1}}},"2":{"name":"create","line":153,"loc":{"start":{"line":151,"column":1},"end":{"line":180,"column":1}}},"3":{"name":"rescind","line":189,"loc":{"start":{"line":187,"column":1},"end":{"line":207,"column":1}}},"4":{"name":"repay","line":216,"loc":{"start":{"line":214,"column":1},"end":{"line":221,"column":1}}},"5":{"name":"accept","line":230,"loc":{"start":{"line":228,"column":1},"end":{"line":249,"column":1}}},"6":{"name":"remand","line":258,"loc":{"start":{"line":256,"column":1},"end":{"line":280,"column":1}}}},"statementMap":{"1":{"start":{"line":155,"column":2},"end":{"line":155,"column":2645}},"2":{"start":{"line":174,"column":2},"end":{"line":174,"column":2905}},"3":{"start":{"line":190,"column":2},"end":{"line":190,"column":35}},"4":{"start":{"line":191,"column":2},"end":{"line":191,"column":3156}},"5":{"start":{"line":195,"column":2},"end":{"line":195,"column":3221}},"6":{"start":{"line":204,"column":2},"end":{"line":204,"column":3392}},"7":{"start":{"line":218,"column":2},"end":{"line":218,"column":3547}},"8":{"start":{"line":231,"column":2},"end":{"line":231,"column":35}},"9":{"start":{"line":232,"column":2},"end":{"line":232,"column":3750}},"10":{"start":{"line":236,"column":2},"end":{"line":236,"column":3850}},"11":{"start":{"line":245,"column":2},"end":{"line":245,"column":4024}},"12":{"start":{"line":259,"column":2},"end":{"line":259,"column":35}},"13":{"start":{"line":262,"column":2},"end":{"line":262,"column":4260}},"14":{"start":{"line":267,"column":2},"end":{"line":267,"column":4356}},"15":{"start":{"line":276,"column":2},"end":{"line":276,"column":4511}}},"branchMap":{"1":{"line":153,"type":"if","locations":[{"start":{"line":153,"column":12},"end":{"line":153,"column":12}},{"start":{"line":153,"column":12},"end":{"line":153,"column":12}}]},"2":{"line":189,"type":"if","locations":[{"start":{"line":189,"column":12},"end":{"line":189,"column":12}},{"start":{"line":189,"column":12},"end":{"line":189,"column":12}}]},"3":{"line":191,"type":"if","locations":[{"start":{"line":191,"column":2},"end":{"line":191,"column":2}},{"start":{"line":191,"column":2},"end":{"line":191,"column":2}}]},"4":{"line":195,"type":"if","locations":[{"start":{"line":195,"column":2},"end":{"line":195,"column":2}},{"start":{"line":195,"column":2},"end":{"line":195,"column":2}}]},"5":{"line":216,"type":"if","locations":[{"start":{"line":216,"column":12},"end":{"line":216,"column":12}},{"start":{"line":216,"column":12},"end":{"line":216,"column":12}}]},"6":{"line":230,"type":"if","locations":[{"start":{"line":230,"column":12},"end":{"line":230,"column":12}},{"start":{"line":230,"column":12},"end":{"line":230,"column":12}}]},"7":{"line":232,"type":"if","locations":[{"start":{"line":232,"column":2},"end":{"line":232,"column":2}},{"start":{"line":232,"column":2},"end":{"line":232,"column":2}}]},"8":{"line":236,"type":"if","locations":[{"start":{"line":236,"column":2},"end":{"line":236,"column":2}},{"start":{"line":236,"column":2},"end":{"line":236,"column":2}}]},"9":{"line":258,"type":"if","locations":[{"start":{"line":258,"column":12},"end":{"line":258,"column":12}},{"start":{"line":258,"column":12},"end":{"line":258,"column":12}}]},"10":{"line":262,"type":"if","locations":[{"start":{"line":262,"column":2},"end":{"line":262,"column":2}},{"start":{"line":262,"column":2},"end":{"line":262,"column":2}}]},"11":{"line":267,"type":"if","locations":[{"start":{"line":267,"column":2},"end":{"line":267,"column":2}},{"start":{"line":267,"column":2},"end":{"line":267,"column":2}}]}}},"contracts/test/TestERC20.sol":{"l":{"46":0,"61":0,"63":0,"65":0,"66":0,"78":3,"89":1,"90":1,"110":0,"111":0,"112":0,"116":0},"path":"/home/throw/work/newboots/favor-contracts/contracts/test/TestERC20.sol","s":{"1":0,"2":0,"3":0,"4":0,"5":0,"6":3,"7":1,"8":1,"9":0,"10":0,"11":0,"12":0},"b":{"1":[0,0],"2":[3,0],"3":[0,0],"4":[0,0],"5":[0,0],"6":[0,0]},"f":{"1":9,"2":0,"3":0,"4":3,"5":1,"6":0},"fnMap":{"1":{"name":"constructor","line":38,"loc":{"start":{"line":35,"column":1},"end":{"line":38,"column":27}}},"2":{"name":"burn","line":45,"loc":{"start":{"line":45,"column":1},"end":{"line":47,"column":1}}},"3":{"name":"burnFrom","line":60,"loc":{"start":{"line":60,"column":1},"end":{"line":67,"column":1}}},"4":{"name":"mint","line":77,"loc":{"start":{"line":77,"column":1},"end":{"line":79,"column":1}}},"5":{"name":"transfer","line":88,"loc":{"start":{"line":88,"column":1},"end":{"line":91,"column":1}}},"6":{"name":"sweep","line":107,"loc":{"start":{"line":103,"column":1},"end":{"line":118,"column":1}}}},"statementMap":{"1":{"start":{"line":46,"column":3},"end":{"line":46,"column":29}},"2":{"start":{"line":61,"column":2},"end":{"line":61,"column":1629}},"3":{"start":{"line":63,"column":2},"end":{"line":63,"column":72}},"4":{"start":{"line":65,"column":2},"end":{"line":65,"column":52}},"5":{"start":{"line":66,"column":2},"end":{"line":66,"column":23}},"6":{"start":{"line":78,"column":2},"end":{"line":78,"column":20}},"7":{"start":{"line":89,"column":2},"end":{"line":89,"column":43}},"8":{"start":{"line":90,"column":2},"end":{"line":90,"column":13}},"9":{"start":{"line":110,"column":2},"end":{"line":110,"column":3268}},"10":{"start":{"line":111,"column":3},"end":{"line":111,"column":70}},"11":{"start":{"line":112,"column":3},"end":{"line":112,"column":52}},"12":{"start":{"line":116,"column":3},"end":{"line":116,"column":52}}},"branchMap":{"1":{"line":61,"type":"if","locations":[{"start":{"line":61,"column":2},"end":{"line":61,"column":2}},{"start":{"line":61,"column":2},"end":{"line":61,"column":2}}]},"2":{"line":77,"type":"if","locations":[{"start":{"line":77,"column":54},"end":{"line":77,"column":54}},{"start":{"line":77,"column":54},"end":{"line":77,"column":54}}]},"3":{"line":107,"type":"if","locations":[{"start":{"line":107,"column":12},"end":{"line":107,"column":12}},{"start":{"line":107,"column":12},"end":{"line":107,"column":12}}]},"4":{"line":107,"type":"if","locations":[{"start":{"line":107,"column":22},"end":{"line":107,"column":22}},{"start":{"line":107,"column":22},"end":{"line":107,"column":22}}]},"5":{"line":110,"type":"if","locations":[{"start":{"line":110,"column":2},"end":{"line":110,"column":2}},{"start":{"line":110,"column":2},"end":{"line":110,"column":2}}]},"6":{"line":112,"type":"if","locations":[{"start":{"line":112,"column":3},"end":{"line":112,"column":3}},{"start":{"line":112,"column":3},"end":{"line":112,"column":3}}]}}}}